  Cours4_SFML.cpp
c:\workspace\frayssinhes_l\hae_-lea-_gp2\cours7_shaders\cours4_sfml\cours4_sfml.cpp(65): warning C4244: 'return' : conversion de 'double' en 'float', perte possible de données
c:\workspace\frayssinhes_l\hae_-lea-_gp2\cours7_shaders\cours4_sfml\cours4_sfml.cpp(89): warning C4244: 'argument' : conversion de 'float' en 'sf::Uint8', perte possible de données
c:\workspace\frayssinhes_l\hae_-lea-_gp2\cours7_shaders\cours4_sfml\cours4_sfml.cpp(90): warning C4244: 'argument' : conversion de 'float' en 'sf::Uint8', perte possible de données
c:\workspace\frayssinhes_l\hae_-lea-_gp2\cours7_shaders\cours4_sfml\cours4_sfml.cpp(91): warning C4244: 'argument' : conversion de 'float' en 'sf::Uint8', perte possible de données
c:\workspace\frayssinhes_l\hae_-lea-_gp2\cours7_shaders\cours4_sfml\cours4_sfml.cpp(92): warning C4244: 'argument' : conversion de 'float' en 'sf::Uint8', perte possible de données
c:\workspace\frayssinhes_l\hae_-lea-_gp2\cours7_shaders\cours4_sfml\cours4_sfml.cpp(93): warning C4244: 'argument' : conversion de 'float' en 'sf::Uint8', perte possible de données
c:\workspace\frayssinhes_l\hae_-lea-_gp2\cours7_shaders\cours4_sfml\cours4_sfml.cpp(94): warning C4244: 'argument' : conversion de 'float' en 'sf::Uint8', perte possible de données
c:\workspace\frayssinhes_l\hae_-lea-_gp2\cours7_shaders\cours4_sfml\cours4_sfml.cpp(105): warning C4244: 'initialisation' : conversion de 'double' en 'float', perte possible de données
c:\workspace\frayssinhes_l\hae_-lea-_gp2\cours7_shaders\cours4_sfml\cours4_sfml.cpp(129): warning C4305: 'argument' : troncation de 'double' à 'float'
c:\workspace\frayssinhes_l\hae_-lea-_gp2\cours7_shaders\cours4_sfml\cours4_sfml.cpp(129): warning C4244: 'argument' : conversion de 'double' en 'int', perte possible de données
c:\workspace\frayssinhes_l\hae_-lea-_gp2\cours7_shaders\cours4_sfml\cours4_sfml.cpp(133): warning C4244: 'argument' : conversion de 'double' en 'T', perte possible de données
          with
          [
              T=float
          ]
c:\workspace\frayssinhes_l\hae_-lea-_gp2\cours7_shaders\cours4_sfml\cours4_sfml.cpp(154): warning C4244: 'initialisation' : conversion de 'double' en 'float', perte possible de données
c:\workspace\frayssinhes_l\hae_-lea-_gp2\cours7_shaders\cours4_sfml\cours4_sfml.cpp(180): warning C4305: 'argument' : troncation de 'double' à 'float'
c:\workspace\frayssinhes_l\hae_-lea-_gp2\cours7_shaders\cours4_sfml\cours4_sfml.cpp(180): warning C4244: 'argument' : conversion de 'double' en 'int', perte possible de données
c:\workspace\frayssinhes_l\hae_-lea-_gp2\cours7_shaders\cours4_sfml\cours4_sfml.cpp(182): warning C4244: 'argument' : conversion de 'double' en 'float', perte possible de données
c:\workspace\frayssinhes_l\hae_-lea-_gp2\cours7_shaders\cours4_sfml\cours4_sfml.cpp(186): warning C4244: 'argument' : conversion de 'double' en 'T', perte possible de données
          with
          [
              T=float
          ]
c:\workspace\frayssinhes_l\hae_-lea-_gp2\cours7_shaders\cours4_sfml\cours4_sfml.cpp(192): warning C4244: 'argument' : conversion de 'double' en 'float', perte possible de données
c:\workspace\frayssinhes_l\hae_-lea-_gp2\cours7_shaders\cours4_sfml\cours4_sfml.cpp(416): warning C4305: 'initialisation' : troncation de '__int64' à 'unsigned int'
c:\workspace\frayssinhes_l\hae_-lea-_gp2\cours7_shaders\cours4_sfml\cours4_sfml.cpp(416): warning C4309: 'initialisation' : troncation de valeur de constante
c:\workspace\frayssinhes_l\hae_-lea-_gp2\cours7_shaders\cours4_sfml\cours4_sfml.cpp(459): warning C4477: 'printf' : la chaîne de format '%f' nécessite un argument de type 'double', mais l'argument variadique 1 est de type 'sf::Int32'
c:\workspace\frayssinhes_l\hae_-lea-_gp2\cours7_shaders\cours4_sfml\cours4_sfml.cpp(519): warning C4244: 'argument' : conversion de 'int' en 'float', perte possible de données
c:\workspace\frayssinhes_l\hae_-lea-_gp2\cours7_shaders\cours4_sfml\cours4_sfml.cpp(520): warning C4244: 'argument' : conversion de 'int' en 'float', perte possible de données
c:\workspace\frayssinhes_l\hae_-lea-_gp2\cours7_shaders\cours4_sfml\cours4_sfml.cpp(533): warning C4244: 'argument' : conversion de 'int' en 'float', perte possible de données
c:\workspace\frayssinhes_l\hae_-lea-_gp2\cours7_shaders\cours4_sfml\cours4_sfml.cpp(536): warning C4244: 'argument' : conversion de 'int' en 'float', perte possible de données
c:\workspace\frayssinhes_l\hae_-lea-_gp2\cours7_shaders\cours4_sfml\cours4_sfml.cpp(543): warning C4305: 'argument' : troncation de 'double' à 'float'
c:\workspace\frayssinhes_l\hae_-lea-_gp2\cours7_shaders\cours4_sfml\cours4_sfml.cpp(403): warning C4101: 'fpslabel' : variable locale non référencée
  Cours4_SFML.vcxproj -> C:\WORKSPACE\FRAYSSINHES_L\hae_-lea-_gp2\Cours7_Shaders\Debug\Cours4_SFML.exe
