  Cours4_SFML.cpp
c:\workspace\frayssinhes_l\hae_-lea-_gp2\cours5_exo\cours4_sfml\cours4_sfml.cpp(28): warning C4244: 'return' : conversion de 'double' en 'float', perte possible de données
c:\workspace\frayssinhes_l\hae_-lea-_gp2\cours5_exo\cours4_sfml\cours4_sfml.cpp(70): warning C4244: 'argument' : conversion de 'T' en 'T', perte possible de données
          with
          [
              T=float
          ]
          and
          [
              T=int
          ]
c:\workspace\frayssinhes_l\hae_-lea-_gp2\cours5_exo\cours4_sfml\cours4_sfml.cpp(129): warning C4244: 'argument' : conversion de 'int' en 'T', perte possible de données
          with
          [
              T=float
          ]
c:\workspace\frayssinhes_l\hae_-lea-_gp2\cours5_exo\cours4_sfml\cours4_sfml.cpp(289): warning C4244: 'argument' : conversion de 'T' en 'float', perte possible de données
          with
          [
              T=int
          ]
c:\workspace\frayssinhes_l\hae_-lea-_gp2\cours5_exo\cours4_sfml\cours4_sfml.cpp(320): warning C4244: 'argument' : conversion de 'T' en 'T', perte possible de données
          with
          [
              T=int
          ]
          and
          [
              T=float
          ]
c:\workspace\frayssinhes_l\hae_-lea-_gp2\cours5_exo\cours4_sfml\cours4_sfml.cpp(194): warning C4101: 'fpslabel' : variable locale non référencée
  Cours4_SFML.vcxproj -> C:\WORKSPACE\FRAYSSINHES_L\hae_-lea-_gp2\Cours5_Exo\Debug\Cours4_SFML.exe
